Arguments: 
  /Users/paravoid/.nvm/versions/node/v10.14.1/bin/node /Users/paravoid/.yarn/bin/yarn.js add @types/rxjs

PATH: 
  /usr/local/opt/openjdk/bin:/Users/paravoid/.yarn/bin:/Users/paravoid/.config/yarn/global/node_modules/.bin:/Users/paravoid/.nvm/versions/node/v10.14.1/bin:/usr/local/bin:/usr/bin:/bin:/usr/sbin:/sbin:/Users/paravoid/Library/Android/sdk/emulator:/Users/paravoid/Library/Android/sdk/tools:/Users/paravoid/Library/Android/sdk/tools/bin:/Users/paravoid/Library/Android/sdk/platform-tools

Yarn version: 
  1.16.0

Node version: 
  10.14.1

Platform: 
  darwin x64

Trace: 
  Error: https://registry.yarnpkg.com/@types%2frxjs: Not found
      at Request.params.callback [as _callback] (/Users/paravoid/.yarn/lib/cli.js:66091:18)
      at Request.self.callback (/Users/paravoid/.yarn/lib/cli.js:129590:22)
      at Request.emit (events.js:182:13)
      at Request.<anonymous> (/Users/paravoid/.yarn/lib/cli.js:130562:10)
      at Request.emit (events.js:182:13)
      at IncomingMessage.<anonymous> (/Users/paravoid/.yarn/lib/cli.js:130484:12)
      at Object.onceWrapper (events.js:273:13)
      at IncomingMessage.emit (events.js:187:15)
      at endReadableNT (_stream_readable.js:1094:12)
      at process._tickCallback (internal/process/next_tick.js:63:19)

npm manifest: 
  {
    "name": "warcry",
    "version": "1.0.0",
    "description": "Warcry Warband Statistics",
    "main": "index.js",
    "repository": "git@github.com:parav01d/warcry.git",
    "author": "Tom Kunzemann <tom.kunzemann@smartplatz.de>",
    "license": "MIT",
    "dependencies": {
      "@types/blessed": "^0.1.17",
      "blessed": "^0.1.81",
      "rxjs": "^6.5.5"
    }
  }

yarn manifest: 
  No manifest

Lockfile: 
  # THIS IS AN AUTOGENERATED FILE. DO NOT EDIT THIS FILE DIRECTLY.
  # yarn lockfile v1
  
  
  "@types/blessed@^0.1.17":
    version "0.1.17"
    resolved "https://registry.yarnpkg.com/@types/blessed/-/blessed-0.1.17.tgz#15b3280a6b8729f3c270a762ccafc8514ac5120d"
    integrity sha512-BKvUtnrXksNdK0fOYV/9HJGkjCcAvOGMSCJsiHaBFyBeyqHwy2OHK32r5XNI+q0eXuAuGqtPOnDetHnbZoYqag==
    dependencies:
      "@types/node" "*"
  
  "@types/node@*":
    version "14.0.6"
    resolved "https://registry.yarnpkg.com/@types/node/-/node-14.0.6.tgz#f9e178b2da31a4b0ec60b64649e244c31ce18daf"
    integrity sha512-FbNmu4F67d3oZMWBV6Y4MaPER+0EpE9eIYf2yaHhCWovc1dlXCZkqGX4NLHfVVr6umt20TNBdRzrNJIzIKfdbw==
  
  blessed@^0.1.81:
    version "0.1.81"
    resolved "https://registry.yarnpkg.com/blessed/-/blessed-0.1.81.tgz#f962d687ec2c369570ae71af843256e6d0ca1129"
    integrity sha1-+WLWh+wsNpVwrnGvhDJW5tDKESk=
  
  rxjs@^6.5.5:
    version "6.5.5"
    resolved "https://registry.yarnpkg.com/rxjs/-/rxjs-6.5.5.tgz#c5c884e3094c8cfee31bf27eb87e54ccfc87f9ec"
    integrity sha512-WfQI+1gohdf0Dai/Bbmk5L5ItH5tYqm3ki2c5GdWhKjalzjg93N3avFjVStyZZz+A2Em+ZxKH5bNghw9UeylGQ==
    dependencies:
      tslib "^1.9.0"
  
  tslib@^1.9.0:
    version "1.13.0"
    resolved "https://registry.yarnpkg.com/tslib/-/tslib-1.13.0.tgz#c881e13cc7015894ed914862d276436fa9a47043"
    integrity sha512-i/6DQjL8Xf3be4K/E6Wgpekn5Qasl1usyw++dAA35Ue5orEn65VIxOA+YvNNl9HV3qv70T7CNwjODHZrLwvd1Q==
